2024-08-28 10:35:00,705:INFO:Logging is set up.
2024-08-28 10:35:01,097:INFO:Connected to email server.
2024-08-28 11:01:43,855:INFO:Logging is set up.
2024-08-28 11:01:44,292:INFO:Connected to email server.
2024-08-28 11:01:44,358:INFO:No Excel files were found.
2024-08-28 11:01:44,361:INFO:========== Project Summary ==========
2024-08-28 11:01:44,361:INFO:1. \u0647\u062f\u0641 \u067e\u0631\u0648\u0698\u0647: \u062f\u0631\u06cc\u0627\u0641\u062a\u060c \u067e\u0631\u062f\u0627\u0632\u0634 \u0648 \u0627\u0631\u0633\u0627\u0644 \u0641\u0627\u06cc\u0644\u200c\u0647\u0627\u06cc \u0627\u06a9\u0633\u0644 \u062d\u0627\u0648\u06cc \u062f\u0627\u062f\u0647\u200c\u0647\u0627\u06cc RFID.
2024-08-28 11:01:44,361:INFO:2. \u0645\u0631\u0627\u062d\u0644 \u0627\u0646\u062c\u0627\u0645 \u067e\u0631\u0648\u0698\u0647:
2024-08-28 11:01:44,361:INFO:   - \u062f\u0631\u06cc\u0627\u0641\u062a \u0627\u06cc\u0645\u06cc\u0644\u200c\u0647\u0627 \u0648 \u062f\u0627\u0646\u0644\u0648\u062f \u0641\u0627\u06cc\u0644\u200c\u0647\u0627\u06cc \u0627\u06a9\u0633\u0644.
2024-08-28 11:01:44,361:INFO:   - \u067e\u0631\u062f\u0627\u0632\u0634 \u0641\u0627\u06cc\u0644\u200c\u0647\u0627\u06cc \u0627\u06a9\u0633\u0644 \u0648 \u062c\u062f\u0627 \u06a9\u0631\u062f\u0646 \u062f\u0627\u062f\u0647\u200c\u0647\u0627 \u0628\u0631 \u0627\u0633\u0627\u0633 Tag ID.
2024-08-28 11:01:44,361:INFO:   - \u062a\u0628\u062f\u06cc\u0644 \u0641\u0627\u06cc\u0644\u200c\u0647\u0627\u06cc .xls \u0628\u0647 .xlsx.
2024-08-28 11:01:44,361:INFO:   - \u0627\u0631\u0633\u0627\u0644 \u0641\u0627\u06cc\u0644\u200c\u0647\u0627\u06cc \u067e\u0631\u062f\u0627\u0632\u0634 \u0634\u062f\u0647 \u0628\u0647 \u0627\u06cc\u0645\u06cc\u0644 \u0645\u0642\u0635\u062f.
2024-08-28 11:01:44,361:INFO:3. \u0633\u0627\u062e\u062a\u0627\u0631 \u0641\u0627\u06cc\u0644\u200c\u0647\u0627\u06cc \u067e\u0631\u0648\u0698\u0647:
2024-08-28 11:01:44,361:INFO:   - `main.py`: \u0627\u062c\u0631\u0627\u06cc \u06a9\u0644\u06cc \u067e\u0631\u0648\u0698\u0647.
2024-08-28 11:01:44,362:INFO:   - `email_connection.py`: \u0627\u062a\u0635\u0627\u0644 \u0628\u0647 \u0633\u0631\u0648\u0631 \u0627\u06cc\u0645\u06cc\u0644.
2024-08-28 11:01:44,362:INFO:   - `data_processor.py`: \u067e\u0631\u062f\u0627\u0632\u0634 \u062f\u0627\u062f\u0647\u200c\u0647\u0627\u06cc \u0627\u06a9\u0633\u0644.
2024-08-28 11:01:44,362:INFO:   - `send_email.py`: \u0627\u0631\u0633\u0627\u0644 \u0627\u06cc\u0645\u06cc\u0644.
2024-08-28 11:01:44,362:INFO:   - `logging_setup.py`: \u062a\u0646\u0638\u06cc\u0645\u0627\u062a \u0644\u0627\u06af.
2024-08-28 11:01:44,362:INFO:4. \u0646\u062a\u06cc\u062c\u0647\u200c\u06af\u06cc\u0631\u06cc: \u067e\u0631\u0648\u0698\u0647 \u0628\u0627 \u0645\u0648\u0641\u0642\u06cc\u062a \u0628\u0647 \u067e\u0627\u06cc\u0627\u0646 \u0631\u0633\u06cc\u062f \u0648 \u0647\u0645\u0647 \u0641\u0627\u06cc\u0644\u200c\u0647\u0627 \u0628\u0647 \u062f\u0631\u0633\u062a\u06cc \u067e\u0631\u062f\u0627\u0632\u0634 \u0648 \u0627\u0631\u0633\u0627\u0644 \u0634\u062f\u0646\u062f.
2024-08-28 11:01:44,362:INFO:======================================
2024-08-28 11:16:39,344:INFO:Logging is set up.
2024-08-28 11:16:39,732:INFO:Connected to email server.
2024-08-28 11:16:39,792:INFO:No Excel files were found.
2024-08-28 11:16:39,795:INFO:========== Project Summary ==========
2024-08-28 11:16:39,795:INFO:1. \u0647\u062f\u0641 \u067e\u0631\u0648\u0698\u0647: \u062f\u0631\u06cc\u0627\u0641\u062a\u060c \u067e\u0631\u062f\u0627\u0632\u0634 \u0648 \u0627\u0631\u0633\u0627\u0644 \u0641\u0627\u06cc\u0644\u200c\u0647\u0627\u06cc \u0627\u06a9\u0633\u0644 \u062d\u0627\u0648\u06cc \u062f\u0627\u062f\u0647\u200c\u0647\u0627\u06cc RFID.
2024-08-28 11:16:39,795:INFO:2. \u0645\u0631\u0627\u062d\u0644 \u0627\u0646\u062c\u0627\u0645 \u067e\u0631\u0648\u0698\u0647:
2024-08-28 11:16:39,796:INFO:   - \u062f\u0631\u06cc\u0627\u0641\u062a \u0627\u06cc\u0645\u06cc\u0644\u200c\u0647\u0627 \u0648 \u062f\u0627\u0646\u0644\u0648\u062f \u0641\u0627\u06cc\u0644\u200c\u0647\u0627\u06cc \u0627\u06a9\u0633\u0644.
2024-08-28 11:16:39,796:INFO:   - \u067e\u0631\u062f\u0627\u0632\u0634 \u0641\u0627\u06cc\u0644\u200c\u0647\u0627\u06cc \u0627\u06a9\u0633\u0644 \u0648 \u062c\u062f\u0627 \u06a9\u0631\u062f\u0646 \u062f\u0627\u062f\u0647\u200c\u0647\u0627 \u0628\u0631 \u0627\u0633\u0627\u0633 Tag ID.
2024-08-28 11:16:39,796:INFO:   - \u062a\u0628\u062f\u06cc\u0644 \u0641\u0627\u06cc\u0644\u200c\u0647\u0627\u06cc .xls \u0628\u0647 .xlsx.
2024-08-28 11:16:39,796:INFO:   - \u0627\u0631\u0633\u0627\u0644 \u0641\u0627\u06cc\u0644\u200c\u0647\u0627\u06cc \u067e\u0631\u062f\u0627\u0632\u0634 \u0634\u062f\u0647 \u0628\u0647 \u0627\u06cc\u0645\u06cc\u0644 \u0645\u0642\u0635\u062f.
2024-08-28 11:16:39,796:INFO:3. \u0633\u0627\u062e\u062a\u0627\u0631 \u0641\u0627\u06cc\u0644\u200c\u0647\u0627\u06cc \u067e\u0631\u0648\u0698\u0647:
2024-08-28 11:16:39,797:INFO:   - `main.py`: \u0627\u062c\u0631\u0627\u06cc \u06a9\u0644\u06cc \u067e\u0631\u0648\u0698\u0647.
2024-08-28 11:16:39,797:INFO:   - `email_connection.py`: \u0627\u062a\u0635\u0627\u0644 \u0628\u0647 \u0633\u0631\u0648\u0631 \u0627\u06cc\u0645\u06cc\u0644.
2024-08-28 11:16:39,797:INFO:   - `data_processor.py`: \u067e\u0631\u062f\u0627\u0632\u0634 \u062f\u0627\u062f\u0647\u200c\u0647\u0627\u06cc \u0627\u06a9\u0633\u0644.
2024-08-28 11:16:39,797:INFO:   - `send_email.py`: \u0627\u0631\u0633\u0627\u0644 \u0627\u06cc\u0645\u06cc\u0644.
2024-08-28 11:16:39,797:INFO:   - `logging_setup.py`: \u062a\u0646\u0638\u06cc\u0645\u0627\u062a \u0644\u0627\u06af.
2024-08-28 11:16:39,797:INFO:4. \u0646\u062a\u06cc\u062c\u0647\u200c\u06af\u06cc\u0631\u06cc: \u067e\u0631\u0648\u0698\u0647 \u0628\u0627 \u0645\u0648\u0641\u0642\u06cc\u062a \u0628\u0647 \u067e\u0627\u06cc\u0627\u0646 \u0631\u0633\u06cc\u062f \u0648 \u0647\u0645\u0647 \u0641\u0627\u06cc\u0644\u200c\u0647\u0627 \u0628\u0647 \u062f\u0631\u0633\u062a\u06cc \u067e\u0631\u062f\u0627\u0632\u0634 \u0648 \u0627\u0631\u0633\u0627\u0644 \u0634\u062f\u0646\u062f.
2024-08-28 11:16:39,797:INFO:======================================
2024-08-28 11:18:22,493 INFO:Connected to email server.
2024-08-28 11:18:22,576 INFO:No Excel files were found.
2024-08-28 11:18:22,577 INFO:========== Project Summary ==========
2024-08-28 11:18:22,577 INFO:1. هدف پروژه: دریافت، پردازش و ارسال فایل‌های اکسل حاوی داده‌های RFID.
2024-08-28 11:18:22,577 INFO:2. مراحل انجام پروژه:
2024-08-28 11:18:22,577 INFO:   - دریافت ایمیل‌ها و دانلود فایل‌های اکسل.
2024-08-28 11:18:22,577 INFO:   - پردازش فایل‌های اکسل و جدا کردن داده‌ها بر اساس Tag ID.
2024-08-28 11:18:22,578 INFO:   - تبدیل فایل‌های .xls به .xlsx.
2024-08-28 11:18:22,578 INFO:   - ارسال فایل‌های پردازش شده به ایمیل مقصد.
2024-08-28 11:18:22,578 INFO:3. ساختار فایل‌های پروژه:
2024-08-28 11:18:22,578 INFO:   - `main.py`: اجرای کلی پروژه.
2024-08-28 11:18:22,578 INFO:   - `email_connection.py`: اتصال به سرور ایمیل.
2024-08-28 11:18:22,578 INFO:   - `data_processor.py`: پردازش داده‌های اکسل.
2024-08-28 11:18:22,579 INFO:   - `send_email.py`: ارسال ایمیل.
2024-08-28 11:18:22,579 INFO:   - `logging_setup.py`: تنظیمات لاگ.
2024-08-28 11:18:22,579 INFO:4. نتیجه‌گیری: پروژه با موفقیت به پایان رسید و همه فایل‌ها به درستی پردازش و ارسال شدند.
2024-08-28 11:18:22,579 INFO:======================================
2024-08-28 11:18:58,674 INFO:Connected to email server.
2024-08-28 11:18:58,877 INFO:Processing email: Sharing 305C167762393
2024-08-28 11:18:58,880 INFO:Downloaded file: 305C167762393 - 28.08.24 1012-20240828101304.xls
2024-08-28 11:18:59,396 INFO:File converted and saved as: C:/Users/Hosse/Desktop/RFID\305C167762393 - 28.08.24 1012-20240828101304_E200.xlsx and C:/Users/Hosse/Desktop/RFID\305C167762393 - 28.08.24 1012-20240828101304_E280.xlsx
2024-08-28 11:18:59,960 INFO:Email sent successfully.
2024-08-28 11:19:00,494 INFO:Email sent successfully.
2024-08-28 11:19:00,541 INFO:========== Project Summary ==========
2024-08-28 11:19:00,541 INFO:1. هدف پروژه: دریافت، پردازش و ارسال فایل‌های اکسل حاوی داده‌های RFID.
2024-08-28 11:19:00,541 INFO:2. مراحل انجام پروژه:
2024-08-28 11:19:00,541 INFO:   - دریافت ایمیل‌ها و دانلود فایل‌های اکسل.
2024-08-28 11:19:00,542 INFO:   - پردازش فایل‌های اکسل و جدا کردن داده‌ها بر اساس Tag ID.
2024-08-28 11:19:00,542 INFO:   - تبدیل فایل‌های .xls به .xlsx.
2024-08-28 11:19:00,542 INFO:   - ارسال فایل‌های پردازش شده به ایمیل مقصد.
2024-08-28 11:19:00,542 INFO:3. ساختار فایل‌های پروژه:
2024-08-28 11:19:00,542 INFO:   - `main.py`: اجرای کلی پروژه.
2024-08-28 11:19:00,542 INFO:   - `email_connection.py`: اتصال به سرور ایمیل.
2024-08-28 11:19:00,542 INFO:   - `data_processor.py`: پردازش داده‌های اکسل.
2024-08-28 11:19:00,542 INFO:   - `send_email.py`: ارسال ایمیل.
2024-08-28 11:19:00,542 INFO:   - `logging_setup.py`: تنظیمات لاگ.
2024-08-28 11:19:00,542 INFO:4. نتیجه‌گیری: پروژه با موفقیت به پایان رسید و همه فایل‌ها به درستی پردازش و ارسال شدند.
2024-08-28 11:19:00,543 INFO:======================================
2024-08-28 12:49:25,032 INFO:Connected to email server.
2024-08-28 12:49:25,246 INFO:Processing email: Sharing 305C167762393
2024-08-28 12:49:25,247 INFO:Saving file to: C:/Users/Hosse/Desktop/RFID\305C167762393 - 28.08.24 1012-20240828101304.xls
2024-08-28 12:49:25,249 INFO:Downloaded file: 305C167762393 - 28.08.24 1012-20240828101304.xls
2024-08-28 12:49:26,410 INFO:Email sent successfully.
2024-08-28 12:49:26,938 INFO:Email sent successfully.
2024-08-28 12:49:26,982 INFO:========== Project Summary ==========
2024-08-28 12:49:26,982 INFO:1. هدف پروژه: دریافت، پردازش و ارسال فایل‌های اکسل حاوی داده‌های RFID.
2024-08-28 12:49:26,983 INFO:2. مراحل انجام پروژه:
2024-08-28 12:49:26,983 INFO:   - دریافت ایمیل‌ها و دانلود فایل‌های اکسل.
2024-08-28 12:49:26,983 INFO:   - پردازش فایل‌های اکسل و جدا کردن داده‌ها بر اساس Tag ID.
2024-08-28 12:49:26,983 INFO:   - تبدیل فایل‌های .xls به .xlsx.
2024-08-28 12:49:26,983 INFO:   - ارسال فایل‌های پردازش شده به ایمیل مقصد.
2024-08-28 12:49:26,983 INFO:3. ساختار فایل‌های پروژه:
2024-08-28 12:49:26,983 INFO:   - `main.py`: اجرای کلی پروژه.
2024-08-28 12:49:26,983 INFO:   - `email_connection.py`: اتصال به سرور ایمیل.
2024-08-28 12:49:26,983 INFO:   - `data_processor.py`: پردازش داده‌های اکسل.
2024-08-28 12:49:26,983 INFO:   - `send_email.py`: ارسال ایمیل.
2024-08-28 12:49:26,984 INFO:   - `logging_setup.py`: تنظیمات لاگ.
2024-08-28 12:49:26,984 INFO:4. نتیجه‌گیری: پروژه با موفقیت به پایان رسید و همه فایل‌ها به درستی پردازش و ارسال شدند.
2024-08-28 12:49:26,984 INFO:======================================
